(venv) PS C:\NeuroVisionCombined4> python -m app.dark.train
Epoch [1/50]: 100%|█| 345/345 [07:29<00:00,  1.30s/it, d_loss=0.6, g_loss=0.1
Saved model to app\\dark\\low_light.pth
Epoch [2/50]: 100%|██████████████████████████████████████████████████████| 345/345 [06:35<00:00,  1.15s/it, d_loss=0.575, g_loss=0.198]
Saved model to app\\dark\\low_light.pth
Epoch [3/50]: 100%|██████████████████████████████████████████████████████| 345/345 [07:52<00:00,  1.37s/it, d_loss=0.544, g_loss=0.238]
Saved model to app\\dark\\low_light.pth
Epoch [4/50]:  39%|█████████████████████▏                                | 135/345 [02:30<03:58,  1.13s/it, d_loss=0.778, g_loss=0.2Epoch [4/50]:  39%|█████████████████████▏                                | 135/345 [02:31<03:58,  1.13s/it, d_loss=0.611, g_loss=0.1Epoch [4/50]:  39%|█████████████████████▎                                | 136/345 [02:31<03:52,  1.11s/it, d_loss=0.611, g_loss=0.1Epoch [4/50]:  39%|█████████████████████▎                                | 136/345 [02:32<03:52,  1.11s/it, d_loss=0.611, g_loss=0.1Epoch [4/50]:  39%|█████████████████████▋                                 | 136/345 [02:32<03:52,  1.11s/it, d_loss=0.42, g_loss=0.2Epoch [4/50]:  40%|█████████████████████▊                                 | 137/345 [02:32<03:57,  1.14s/it, d_loss=0.42, g_loss=0.2Epoch [4/50]:  40%|█████████████████████▊                                 | 137/345 [02:33<03:57,  1.14s/it, d_loss=0.42, g_loss=0.2Epoch [4/50]:  40%|█████████████████████▊                                 | 137/345 [02:33<03:57,  1.14s/it, d_loss=0.62, g_loss=0.2Epoch [4/50]:  40%|██████████████████████                                 | 138/345 [02:33<03:55,  1.14s/it, d_loss=0.62, g_loss=0.2Epoch [4/50]:  40%|██████████████████████                                 | 138/345 [02:34<03:55,  1.14s/it, d_loss=0.62, g_loss=0.2Epoch [4/50]:  40%|█████████████████████▌                                | 138/345 [02:34<03:55,  1.14s/it, d_loss=0.467, g_loss=0.2Epoch [4/50]:  40%|█████████████████████▊                                | 139/345 [02:34<03:48,  1.11s/it, d_loss=0.467, g_loss=0.2Epoch [4/50]:  40%|█████████████████████▊                                | 139/345 [02:35<03:48,  1.11s/it, d_loss=0.467, g_loss=0.2Epoch [4/50]:  40%|█████████████████████▊                                | 139/345 [02:36<03:48,  1.11s/it, d_loss=0.538, g_loss=0.1Epoch [4/50]:  41%|█████████████████████▉                                | 140/345 [02:36<03:53,  1.14s/it, d_loss=0.538, g_loss=0.1Epoch [4/50]:  41%|█████████████████████▉                                | 140/345 [02:36<03:53,  1.14s/it, d_loss=0.538, g_loss=0.1Epoch [4/50]:  41%|█████████████████████▉                                | 140/345 [02:37<03:53,  1.14s/it, d_loss=0.606, g_loss=0.1Epoch [4/50]:  41%|██████████████████████                           Epoch [4/50]: 100%|██████████████████████████████████████████████████████| 345/345 [06:27<00:00,  1.12s/it, d_loss=0.797, g_loss=0.199]
Saved model to app\\dark\\low_light.pth
Epoch [5/50]: 100%|██████████████████████████████████████████████████████| 345/345 [05:34<00:00,  1.03it/s, d_loss=0.797, g_loss=0.274]
Saved model to app\\dark\\low_light.pth
Epoch [6/50]: 100%|██████████████████████████████████████████████████████| 345/345 [05:12<00:00,  1.10it/s, d_loss=0.261, g_loss=0.292]
Saved model to app\\dark\\low_light.pth
Epoch [7/50]: 100%|██████████████████████████████████████████████████████| 345/345 [04:04<00:00,  1.41it/s, d_loss=0.615, g_loss=0.138]
Saved model to app\\dark\\low_light.pth
Epoch [8/50]: 100%|██████████████████████████████████████████████████████| 345/345 [04:06<00:00,  1.40it/s, d_loss=0.355, g_loss=0.175]
Saved model to app\\dark\\low_light.pth
Epoch [9/50]: 100%|██████████████████████████████████████████████████████| 345/345 [04:06<00:00,  1.40it/s, d_loss=0.789, g_loss=0.291]
Saved model to app\\dark\\low_light.pth
Epoch [10/50]: 100%|█████████████████████████████████████████████████████| 345/345 [04:05<00:00,  1.41it/s, d_loss=0.417, g_loss=0.135]
Saved model to app\\dark\\low_light.pth
Epoch [11/50]: 100%|██████████████████████████████████████████████████████| 345/345 [04:15<00:00,  1.35it/s, d_loss=0.58, g_loss=0.085]
Saved model to app\\dark\\low_light.pth
Epoch [12/50]: 100%|█████████████████████████████████████████████████████| 345/345 [04:14<00:00,  1.36it/s, d_loss=0.762, g_loss=0.113]
Saved model to app\\dark\\low_light.pth
Epoch [13/50]: 100%|███████████████████████████████████████████████████████| 345/345 [04:10<00:00,  1.38it/s, d_loss=0.488, g_loss=0.2]
Saved model to app\\dark\\low_light.pth
Epoch [14/50]: 100%|█████████████████████████████████████████████████████| 345/345 [04:11<00:00,  1.37it/s, d_loss=0.544, g_loss=0.129]
Saved model to app\\dark\\low_light.pth
Epoch [15/50]: 100%|████████████████████████████████████████████████████| 345/345 [04:11<00:00,  1.37it/s, d_loss=0.693, g_loss=0.0933]
Saved model to app\\dark\\low_light.pth
Epoch [16/50]: 100%|█████████████████████████████████████████████████████| 345/345 [04:14<00:00,  1.36it/s, d_loss=0.296, g_loss=0.183]
Saved model to app\\dark\\low_light.pth
Epoch [17/50]: 100%|█████████████████████████████████████████████████████| 345/345 [04:17<00:00,  1.34it/s, d_loss=0.474, g_loss=0.107]
Saved model to app\\dark\\low_light.pth
Epoch [18/50]: 100%|█████████████████████████████████████████████████████| 345/345 [04:16<00:00,  1.35it/s, d_loss=0.76, g_loss=0.0739]
Saved model to app\\dark\\low_light.pth
Epoch [19/50]: 100%|█████████████████████████████████████████████████████| 345/345 [04:32<00:00,  1.27it/s, d_loss=0.621, g_loss=0.185]
Saved model to app\\dark\\low_light.pth
Epoch [20/50]: 100%|██████████████████████████████████████████████████████| 345/345 [05:25<00:00,  1.06it/s, d_loss=0.716, g_loss=0.09]
Saved model to app\\dark\\low_light.pth
Epoch [21/50]: 100%|██████████████████████████████████████████████████████| 345/345 [05:15<00:00,  1.09it/s, d_loss=0.451, g_loss=0.12]
Saved model to app\\dark\\low_light.pth
Epoch [22/50]: 100%|█████████████████████████████████████████████████████| 345/345 [05:15<00:00,  1.09it/s, d_loss=0.671, g_loss=0.121]
Saved model to app\\dark\\low_light.pth
Epoch [23/50]: 100%|█████████████████████████████████████████████████████| 345/345 [05:15<00:00,  1.09it/s, d_loss=0.689, g_loss=0.343]
Saved model to app\\dark\\low_light.pth
Epoch [24/50]: 100%|███████████████████████████████████████████████████████| 345/345 [06:16<00:00,  1.09s/it, d_loss=0.4, g_loss=0.131]
Saved model to app\\dark\\low_light.pth
Epoch [25/50]: 100%|█████████████████████████████████████████████████████| 345/345 [05:08<00:00,  1.12it/s, d_loss=0.826, g_loss=0.135]
Saved model to app\\dark\\low_light.pth
Epoch [26/50]: 100%|█████████████████████████████████████████████████████| 345/345 [05:05<00:00,  1.13it/s, d_loss=0.676, g_loss=0.275]
Saved model to app\\dark\\low_light.pth
Epoch [27/50]: 100%|████████████████████████████████████████████████████| 345/345 [04:04<00:00,  1.41it/s, d_loss=0.611, g_loss=0.0684]
Saved model to app\\dark\\low_light.pth
Epoch [28/50]: 100%|████████████████████████████████████████████████████| 345/345 [04:03<00:00,  1.41it/s, d_loss=0.612, g_loss=0.0796]
Saved model to app\\dark\\low_light.pth
Epoch [29/50]: 100%|████████████████████████████████████████████████████| 345/345 [04:12<00:00,  1.37it/s, d_loss=0.548, g_loss=0.0775]
Saved model to app\\dark\\low_light.pth
Epoch [30/50]: 100%|█████████████████████████████████████████████████████| 345/345 [04:23<00:00,  1.31it/s, d_loss=0.507, g_loss=0.112]
Saved model to app\\dark\\low_light.pth
Epoch [31/50]: 100%|█████████████████████████████████████████████████████| 345/345 [04:39<00:00,  1.23it/s, d_loss=0.396, g_loss=0.076]
Saved model to app\\dark\\low_light.pth
Epoch [32/50]: 100%|██████████████████████████████████████████████████████| 345/345 [05:16<00:00,  1.09it/s, d_loss=0.77, g_loss=0.112]
Saved model to app\\dark\\low_light.pth
Epoch [33/50]: 100%|████████████████████████████████████████████████████| 345/345 [05:36<00:00,  1.03it/s, d_loss=0.591, g_loss=0.0753]
Saved model to app\\dark\\low_light.pth
Epoch [34/50]: 100%|████████████████████████████████████████████████████| 345/345 [04:03<00:00,  1.41it/s, d_loss=0.414, g_loss=0.0972]
Saved model to app\\dark\\low_light.pth
Epoch [35/50]: 100%|██████████████████████████████████████████████████████| 345/345 [04:20<00:00,  1.33it/s, d_loss=0.654, g_loss=0.11]
Saved model to app\\dark\\low_light.pth
Epoch [36/50]: 100%|█████████████████████████████████████████████████████| 345/345 [04:27<00:00,  1.29it/s, d_loss=0.378, g_loss=0.093]
Saved model to app\\dark\\low_light.pth
Epoch [37/50]: 100%|████████████████████████████████████████████████████| 345/345 [04:43<00:00,  1.22it/s, d_loss=0.452, g_loss=0.0577]
Saved model to app\\dark\\low_light.pth
Epoch [38/50]: 100%|████████████████████████████████████████████████████| 345/345 [05:06<00:00,  1.13it/s, d_loss=0.181, g_loss=0.0993]
Saved model to app\\dark\\low_light.pth
Epoch [39/50]: 100%|████████████████████████████████████████████████████| 345/345 [05:00<00:00,  1.15it/s, d_loss=0.254, g_loss=0.0653]
Saved model to app\\dark\\low_light.pth
Epoch [40/50]: 100%|████████████████████████████████████████████████████| 345/345 [04:43<00:00,  1.22it/s, d_loss=0.399, g_loss=0.0424]
Saved model to app\\dark\\low_light.pth
Epoch [41/50]: 100%|████████████████████████████████████████████████████| 345/345 [04:30<00:00,  1.28it/s, d_loss=0.288, g_loss=0.0951]
Saved model to app\\dark\\low_light.pth
Epoch [42/50]: 100%|████████████████████████████████████████████████████| 345/345 [04:38<00:00,  1.24it/s, d_loss=0.548, g_loss=0.0818]
Saved model to app\\dark\\low_light.pth
Epoch [43/50]: 100%|████████████████████████████████████████████████████| 345/345 [04:51<00:00,  1.18it/s, d_loss=0.373, g_loss=0.0942]
Saved model to app\\dark\\low_light.pth
Epoch [44/50]: 100%|████████████████████████████████████████████████████| 345/345 [04:34<00:00,  1.26it/s, d_loss=0.267, g_loss=0.0715]
Saved model to app\\dark\\low_light.pth
Epoch [45/50]: 100%|█████████████████████████████████████████████████████| 345/345 [04:55<00:00,  1.17it/s, d_loss=0.457, g_loss=0.098]
Saved model to app\\dark\\low_light.pth
Epoch [46/50]: 100%|█████████████████████████████████████████████████████| 345/345 [05:45<00:00,  1.00s/it, d_loss=0.492, g_loss=0.214]
Saved model to app\\dark\\low_light.pth
Epoch [47/50]: 100%|████████████████████████████████████████████████████| 345/345 [05:20<00:00,  1.07it/s, d_loss=0.565, g_loss=0.0604]
Saved model to app\\dark\\low_light.pth
Epoch [48/50]: 100%|████████████████████████████████████████████████████| 345/345 [05:24<00:00,  1.06it/s, d_loss=0.216, g_loss=0.0916]
Saved model to app\\dark\\low_light.pth
Epoch [49/50]: 100%|██████████████████████████████████████████████████████| 345/345 [05:27<00:00,  1.05it/s, d_loss=0.256, g_loss=0.11]
Saved model to app\\dark\\low_light.pth
Epoch [50/50]: 100%|█████████████████████████████████████████████████████| 345/345 [05:10<00:00,  1.11it/s, d_loss=0.236, g_loss=0.121]
Saved model to app\\dark\\low_light.pth